[debug] [2023-09-09T21:54:57.877Z] ----------------------------------------------------------------------
[debug] [2023-09-09T21:54:57.879Z] Command:       /usr/local/bin/node /usr/local/bin/firebase init
[debug] [2023-09-09T21:54:57.880Z] CLI Version:   12.5.3
[debug] [2023-09-09T21:54:57.880Z] Platform:      linux
[debug] [2023-09-09T21:54:57.880Z] Node Version:  v18.13.0
[debug] [2023-09-09T21:54:57.881Z] Time:          Sat Sep 09 2023 15:54:57 GMT-0600 (hora estándar central)
[debug] [2023-09-09T21:54:57.881Z] ----------------------------------------------------------------------
[debug] 
[debug] [2023-09-09T21:54:57.888Z] > command requires scopes: ["email","openid","https://www.googleapis.com/auth/cloudplatformprojects.readonly","https://www.googleapis.com/auth/firebase","https://www.googleapis.com/auth/cloud-platform"]
[debug] [2023-09-09T21:54:57.888Z] > authorizing via signed-in user (aarontesterdeveloper@gmail.com)
[info] 
     ######## #### ########  ######## ########     ###     ######  ########
     ##        ##  ##     ## ##       ##     ##  ##   ##  ##       ##
     ######    ##  ########  ######   ########  #########  ######  ######
     ##        ##  ##    ##  ##       ##     ## ##     ##       ## ##
     ##       #### ##     ## ######## ########  ##     ##  ######  ########

You're about to initialize a Firebase project in this directory:

  /home/anonymus/Portfolios/Store/store

[info] 
=== Project Setup
[info] 
[info] First, let's associate this project directory with a Firebase project.
[info] You can create multiple project aliases by running firebase use --add, 
[info] but for now we'll just set up a default project.
[info] 
[debug] [2023-09-09T21:55:06.415Z] >>> [apiv2][query] GET https://firebase.googleapis.com/v1beta1/projects pageSize=100
[debug] [2023-09-09T21:55:07.132Z] <<< [apiv2][status] GET https://firebase.googleapis.com/v1beta1/projects 200
[debug] [2023-09-09T21:55:07.133Z] <<< [apiv2][body] GET https://firebase.googleapis.com/v1beta1/projects [omitted]
[info] i  Using project zero-net-solutions (zero-net-solutions) 
[info] 
=== Hosting Setup
[info] 
[info] Your public directory is the folder (relative to your project directory) that
[info] will contain Hosting assets to be uploaded with firebase deploy. If you
[info] have a build process for your assets, use your build's output directory.
[info] 
[debug] [2023-09-09T21:55:57.217Z] >>> [apiv2][query] GET https://www.gstatic.com/firebasejs/releases.json [none]
[debug] [2023-09-09T21:55:57.498Z] <<< [apiv2][status] GET https://www.gstatic.com/firebasejs/releases.json 200
[debug] [2023-09-09T21:55:57.498Z] <<< [apiv2][body] GET https://www.gstatic.com/firebasejs/releases.json {"current":{"version":"10.3.1","browserURL":"https://www.gstatic.com/firebasejs/10.3.1/firebase.js","packageURL":"https://www.gstatic.com/firebasejs/10.3.1/firebase.tgz"},"live":{"version":"10.3","browserURL":"https://www.gstatic.com/firebasejs/live/10.3/firebase.js","packageURL":"https://www.gstatic.com/firebasejs/live/10.3/firebase.tgz"},"components":{"analytics":"https://www.gstatic.com/firebasejs/10.3.1/firebase-analytics.js","app":"https://www.gstatic.com/firebasejs/10.3.1/firebase-app.js","app-check":"https://www.gstatic.com/firebasejs/10.3.1/firebase-app-check.js","auth":"https://www.gstatic.com/firebasejs/10.3.1/firebase-auth.js","auth/cordova":"https://www.gstatic.com/firebasejs/10.3.1/firebase-auth/cordova.js","functions":"https://www.gstatic.com/firebasejs/10.3.1/firebase-functions.js","firestore":"https://www.gstatic.com/firebasejs/10.3.1/firebase-firestore.js","firestore/lite":"https://www.gstatic.com/firebasejs/10.3.1/firebase-firestore/lite.js","installations":"https://www.gstatic.com/firebasejs/10.3.1/firebase-installations.js","storage":"https://www.gstatic.com/firebasejs/10.3.1/firebase-storage.js","performance":"https://www.gstatic.com/firebasejs/10.3.1/firebase-performance.js","remote-config":"https://www.gstatic.com/firebasejs/10.3.1/firebase-remote-config.js","messaging":"https://www.gstatic.com/firebasejs/10.3.1/firebase-messaging.js","messaging/sw":"https://www.gstatic.com/firebasejs/10.3.1/firebase-messaging/sw.js","database":"https://www.gstatic.com/firebasejs/10.3.1/firebase-database.js","firestore.memory":"https://www.gstatic.com/firebasejs/10.3.1/firebase-firestore.memory.js"}}
[info] ✔  Wrote pages/index.html 
[info] 
[info] i  Detected a .git folder at /home/anonymus/Portfolios/Store/store 
[info] i  Authorizing with GitHub to upload your service account to a GitHub repository's secrets store. 
[info] 
[info] Visit this URL on this device to log in:
[info] https://github.com/login/oauth/authorize?client_id=89cf50f02ac6aaed3484&state=30247711&redirect_uri=http%3A%2F%2Flocalhost%3A9005&scope=read%3Auser%20repo%20public_repo
[info] 
[info] Waiting for authentication...
[debug] [2023-09-09T21:56:07.574Z] >>> [apiv2][query] POST https://github.com/login/oauth/access_token [none]
[debug] [2023-09-09T21:56:07.575Z] >>> [apiv2][body] POST https://github.com/login/oauth/access_token [stream]
[debug] [2023-09-09T21:56:07.975Z] <<< [apiv2][status] POST https://github.com/login/oauth/access_token 200
[debug] [2023-09-09T21:56:07.976Z] <<< [apiv2][body] POST https://github.com/login/oauth/access_token {"access_token":"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","token_type":"bearer","scope":"read:user,repo"}
[debug] [2023-09-09T21:56:07.982Z] >>> [apiv2][query] GET https://api.github.com/user [none]
[debug] [2023-09-09T21:56:08.398Z] <<< [apiv2][status] GET https://api.github.com/user 200
[debug] [2023-09-09T21:56:08.398Z] <<< [apiv2][body] GET https://api.github.com/user {"login":"org-zero","id":119441942,"node_id":"U_kgDOBx6KFg","avatar_url":"https://avatars.githubusercontent.com/u/119441942?v=4","gravatar_id":"","url":"https://api.github.com/users/org-zero","html_url":"https://github.com/org-zero","followers_url":"https://api.github.com/users/org-zero/followers","following_url":"https://api.github.com/users/org-zero/following{/other_user}","gists_url":"https://api.github.com/users/org-zero/gists{/gist_id}","starred_url":"https://api.github.com/users/org-zero/starred{/owner}{/repo}","subscriptions_url":"https://api.github.com/users/org-zero/subscriptions","organizations_url":"https://api.github.com/users/org-zero/orgs","repos_url":"https://api.github.com/users/org-zero/repos","events_url":"https://api.github.com/users/org-zero/events{/privacy}","received_events_url":"https://api.github.com/users/org-zero/received_events","type":"User","site_admin":false,"name":"Aaron Padilla","company":"Fullstack Developer and Tester","blog":"https://aaron-fullstack.vercel.app/","location":"Costa Rica","email":null,"hireable":null,"bio":"Developer Fullstack Middle & Tester","twitter_username":null,"public_repos":10,"public_gists":0,"followers":1,"following":0,"created_at":"2022-11-29T17:23:45Z","updated_at":"2023-08-09T03:51:37Z","private_gists":0,"total_private_repos":0,"owned_private_repos":0,"disk_usage":42201,"collaborators":0,"two_factor_authentication":false,"plan":{"name":"free","space":976562499,"collaborators":0,"private_repos":10000}}
[info] 
[info] ✔  Success! Logged into GitHub as org-zero 
[info] 
